Running migration: 1_initial_migration.js
  Deploying Migrations...
  ... 0xe6850767118a60a98ed85badc9d075a7a1cc9f7b87c6788e8dcc64d190fc1ddd
  Migrations: 0x7687670bae4fd670dd2e069403b624a61e8f35dd
Saving successful migration to network...
  ... 0xfe5ad37c826cafbe4f7cac654b612dffb2fc1ad8310ccdc6d0c5f7e30383837b
Saving artifacts...
Running migration: 2_deploy_contracts.js
  Deploying SafeMath...
  ... 0xf400280c5f5c44280289e657fd347ee8e8a17477091db53a0c9384ac51fec888
  SafeMath: 0x88bb1bdfdbc675d0db524c3426cadb7d157de5ca
  Deploying DroneMadnessToken...
  ... 0x7ac18ad045609177ff4197760beaae1f72b6c1fdde2dcf3ad24046252d6db4e4
  DroneMadnessToken: 0x4d708284ffc4086a5df40b36a37f5fa326cfdc21
  Deploying DroneMadnessCrowdsale...
  ... 0x60b3dcd627436897c726d167d6baffd00a4cad970336cdfa8e533e79efbf05b0
  DroneMadnessCrowdsale: 0xe19c4a5c143ac73e1a15f1b87695533a3ac2a7ee
  ... 0xb0bfa634cae7b266136550abdcac86cf0359475961c97962267da28a7b970aca
  ... 0x785ad921979a778cae586b08bf3f88c0221cd2d9d6b636dd61293f3525c8e6cf
  Deploying DroneMadnessPresale...
  ... 0x523a9951e8a5fc85c9043ba0c9a1682d027a0fa57e0c8f2394080b97e7ad498f
  DroneMadnessPresale: 0x9401bf738db66a7d8fdc13cb02e0a2be13100e9f
  ... 0xdccf86f60c997c7c0ad7366453c7b54f728818475efb48d9355dc1b2d1e544fc
Saving successful migration to network...
  ... 0xeaf34d040a48c8ee900b87c9f183f9694c5e38778d10e2a70e795f1229b81e53
Saving artifacts...
